CRITICAL - 2021-04-17 04:40:39 --> syntax error, unexpected '$', expecting variable (T_VARIABLE)
#0 D:\Services\xampp\htdocs\skripsi\alfredo\system\Autoloader\Autoloader.php(265): CodeIgniter\Autoloader\Autoloader->includeFile('D:\\Services\\xam...')
#1 D:\Services\xampp\htdocs\skripsi\alfredo\system\Autoloader\Autoloader.php(228): CodeIgniter\Autoloader\Autoloader->loadInNamespace('App\\Models\\M_ma...')
#2 [internal function]: CodeIgniter\Autoloader\Autoloader->loadClass('App\\Models\\M_ma...')
#3 D:\Services\xampp\htdocs\skripsi\alfredo\app\Controllers\Marketing.php(47): spl_autoload_call('App\\Models\\M_ma...')
#4 D:\Services\xampp\htdocs\skripsi\alfredo\system\CodeIgniter.php(936): App\Controllers\Marketing->nasabah()
#5 D:\Services\xampp\htdocs\skripsi\alfredo\system\CodeIgniter.php(432): CodeIgniter\CodeIgniter->runController(Object(App\Controllers\Marketing))
#6 D:\Services\xampp\htdocs\skripsi\alfredo\system\CodeIgniter.php(333): CodeIgniter\CodeIgniter->handleRequest(NULL, Object(Config\Cache), false)
#7 D:\Services\xampp\htdocs\skripsi\alfredo\index.php(44): CodeIgniter\CodeIgniter->run()
#8 {main}
CRITICAL - 2021-04-17 04:40:56 --> syntax error, unexpected '$', expecting variable (T_VARIABLE)
#0 D:\Services\xampp\htdocs\skripsi\alfredo\system\Autoloader\Autoloader.php(265): CodeIgniter\Autoloader\Autoloader->includeFile('D:\\Services\\xam...')
#1 D:\Services\xampp\htdocs\skripsi\alfredo\system\Autoloader\Autoloader.php(228): CodeIgniter\Autoloader\Autoloader->loadInNamespace('App\\Models\\M_ma...')
#2 [internal function]: CodeIgniter\Autoloader\Autoloader->loadClass('App\\Models\\M_ma...')
#3 D:\Services\xampp\htdocs\skripsi\alfredo\app\Controllers\Marketing.php(47): spl_autoload_call('App\\Models\\M_ma...')
#4 D:\Services\xampp\htdocs\skripsi\alfredo\system\CodeIgniter.php(936): App\Controllers\Marketing->nasabah()
#5 D:\Services\xampp\htdocs\skripsi\alfredo\system\CodeIgniter.php(432): CodeIgniter\CodeIgniter->runController(Object(App\Controllers\Marketing))
#6 D:\Services\xampp\htdocs\skripsi\alfredo\system\CodeIgniter.php(333): CodeIgniter\CodeIgniter->handleRequest(NULL, Object(Config\Cache), false)
#7 D:\Services\xampp\htdocs\skripsi\alfredo\index.php(44): CodeIgniter\CodeIgniter->run()
#8 {main}
CRITICAL - 2021-04-17 04:41:09 --> syntax error, unexpected '$', expecting variable (T_VARIABLE)
#0 D:\Services\xampp\htdocs\skripsi\alfredo\system\Autoloader\Autoloader.php(265): CodeIgniter\Autoloader\Autoloader->includeFile('D:\\Services\\xam...')
#1 D:\Services\xampp\htdocs\skripsi\alfredo\system\Autoloader\Autoloader.php(228): CodeIgniter\Autoloader\Autoloader->loadInNamespace('App\\Models\\M_ma...')
#2 [internal function]: CodeIgniter\Autoloader\Autoloader->loadClass('App\\Models\\M_ma...')
#3 D:\Services\xampp\htdocs\skripsi\alfredo\app\Controllers\Marketing.php(22): spl_autoload_call('App\\Models\\M_ma...')
#4 D:\Services\xampp\htdocs\skripsi\alfredo\system\CodeIgniter.php(936): App\Controllers\Marketing->validasi()
#5 D:\Services\xampp\htdocs\skripsi\alfredo\system\CodeIgniter.php(432): CodeIgniter\CodeIgniter->runController(Object(App\Controllers\Marketing))
#6 D:\Services\xampp\htdocs\skripsi\alfredo\system\CodeIgniter.php(333): CodeIgniter\CodeIgniter->handleRequest(NULL, Object(Config\Cache), false)
#7 D:\Services\xampp\htdocs\skripsi\alfredo\index.php(44): CodeIgniter\CodeIgniter->run()
#8 {main}
CRITICAL - 2021-04-17 04:41:18 --> syntax error, unexpected '$', expecting variable (T_VARIABLE)
#0 D:\Services\xampp\htdocs\skripsi\alfredo\system\Autoloader\Autoloader.php(265): CodeIgniter\Autoloader\Autoloader->includeFile('D:\\Services\\xam...')
#1 D:\Services\xampp\htdocs\skripsi\alfredo\system\Autoloader\Autoloader.php(228): CodeIgniter\Autoloader\Autoloader->loadInNamespace('App\\Models\\M_ma...')
#2 [internal function]: CodeIgniter\Autoloader\Autoloader->loadClass('App\\Models\\M_ma...')
#3 D:\Services\xampp\htdocs\skripsi\alfredo\app\Controllers\Marketing.php(22): spl_autoload_call('App\\Models\\M_ma...')
#4 D:\Services\xampp\htdocs\skripsi\alfredo\system\CodeIgniter.php(936): App\Controllers\Marketing->validasi()
#5 D:\Services\xampp\htdocs\skripsi\alfredo\system\CodeIgniter.php(432): CodeIgniter\CodeIgniter->runController(Object(App\Controllers\Marketing))
#6 D:\Services\xampp\htdocs\skripsi\alfredo\system\CodeIgniter.php(333): CodeIgniter\CodeIgniter->handleRequest(NULL, Object(Config\Cache), false)
#7 D:\Services\xampp\htdocs\skripsi\alfredo\index.php(44): CodeIgniter\CodeIgniter->run()
#8 {main}
CRITICAL - 2021-04-17 04:41:47 --> syntax error, unexpected '$', expecting variable (T_VARIABLE)
#0 D:\Services\xampp\htdocs\skripsi\alfredo\system\Autoloader\Autoloader.php(265): CodeIgniter\Autoloader\Autoloader->includeFile('D:\\Services\\xam...')
#1 D:\Services\xampp\htdocs\skripsi\alfredo\system\Autoloader\Autoloader.php(228): CodeIgniter\Autoloader\Autoloader->loadInNamespace('App\\Models\\M_ma...')
#2 [internal function]: CodeIgniter\Autoloader\Autoloader->loadClass('App\\Models\\M_ma...')
#3 D:\Services\xampp\htdocs\skripsi\alfredo\app\Controllers\Marketing.php(22): spl_autoload_call('App\\Models\\M_ma...')
#4 D:\Services\xampp\htdocs\skripsi\alfredo\system\CodeIgniter.php(936): App\Controllers\Marketing->validasi()
#5 D:\Services\xampp\htdocs\skripsi\alfredo\system\CodeIgniter.php(432): CodeIgniter\CodeIgniter->runController(Object(App\Controllers\Marketing))
#6 D:\Services\xampp\htdocs\skripsi\alfredo\system\CodeIgniter.php(333): CodeIgniter\CodeIgniter->handleRequest(NULL, Object(Config\Cache), false)
#7 D:\Services\xampp\htdocs\skripsi\alfredo\index.php(44): CodeIgniter\CodeIgniter->run()
#8 {main}
CRITICAL - 2021-04-17 04:42:06 --> syntax error, unexpected '$', expecting variable (T_VARIABLE)
#0 D:\Services\xampp\htdocs\skripsi\alfredo\system\Autoloader\Autoloader.php(265): CodeIgniter\Autoloader\Autoloader->includeFile('D:\\Services\\xam...')
#1 D:\Services\xampp\htdocs\skripsi\alfredo\system\Autoloader\Autoloader.php(228): CodeIgniter\Autoloader\Autoloader->loadInNamespace('App\\Models\\M_ma...')
#2 [internal function]: CodeIgniter\Autoloader\Autoloader->loadClass('App\\Models\\M_ma...')
#3 D:\Services\xampp\htdocs\skripsi\alfredo\app\Controllers\Marketing.php(22): spl_autoload_call('App\\Models\\M_ma...')
#4 D:\Services\xampp\htdocs\skripsi\alfredo\system\CodeIgniter.php(936): App\Controllers\Marketing->validasi()
#5 D:\Services\xampp\htdocs\skripsi\alfredo\system\CodeIgniter.php(432): CodeIgniter\CodeIgniter->runController(Object(App\Controllers\Marketing))
#6 D:\Services\xampp\htdocs\skripsi\alfredo\system\CodeIgniter.php(333): CodeIgniter\CodeIgniter->handleRequest(NULL, Object(Config\Cache), false)
#7 D:\Services\xampp\htdocs\skripsi\alfredo\index.php(44): CodeIgniter\CodeIgniter->run()
#8 {main}
CRITICAL - 2021-04-17 04:42:57 --> syntax error, unexpected '$', expecting variable (T_VARIABLE)
#0 D:\Services\xampp\htdocs\skripsi\alfredo\system\Autoloader\Autoloader.php(265): CodeIgniter\Autoloader\Autoloader->includeFile('D:\\Services\\xam...')
#1 D:\Services\xampp\htdocs\skripsi\alfredo\system\Autoloader\Autoloader.php(228): CodeIgniter\Autoloader\Autoloader->loadInNamespace('App\\Models\\M_ma...')
#2 [internal function]: CodeIgniter\Autoloader\Autoloader->loadClass('App\\Models\\M_ma...')
#3 D:\Services\xampp\htdocs\skripsi\alfredo\app\Controllers\Marketing.php(22): spl_autoload_call('App\\Models\\M_ma...')
#4 D:\Services\xampp\htdocs\skripsi\alfredo\system\CodeIgniter.php(936): App\Controllers\Marketing->validasi()
#5 D:\Services\xampp\htdocs\skripsi\alfredo\system\CodeIgniter.php(432): CodeIgniter\CodeIgniter->runController(Object(App\Controllers\Marketing))
#6 D:\Services\xampp\htdocs\skripsi\alfredo\system\CodeIgniter.php(333): CodeIgniter\CodeIgniter->handleRequest(NULL, Object(Config\Cache), false)
#7 D:\Services\xampp\htdocs\skripsi\alfredo\index.php(44): CodeIgniter\CodeIgniter->run()
#8 {main}
CRITICAL - 2021-04-17 04:43:09 --> syntax error, unexpected '$', expecting variable (T_VARIABLE)
#0 D:\Services\xampp\htdocs\skripsi\alfredo\system\Autoloader\Autoloader.php(265): CodeIgniter\Autoloader\Autoloader->includeFile('D:\\Services\\xam...')
#1 D:\Services\xampp\htdocs\skripsi\alfredo\system\Autoloader\Autoloader.php(228): CodeIgniter\Autoloader\Autoloader->loadInNamespace('App\\Models\\M_ma...')
#2 [internal function]: CodeIgniter\Autoloader\Autoloader->loadClass('App\\Models\\M_ma...')
#3 D:\Services\xampp\htdocs\skripsi\alfredo\app\Controllers\Marketing.php(22): spl_autoload_call('App\\Models\\M_ma...')
#4 D:\Services\xampp\htdocs\skripsi\alfredo\system\CodeIgniter.php(936): App\Controllers\Marketing->validasi()
#5 D:\Services\xampp\htdocs\skripsi\alfredo\system\CodeIgniter.php(432): CodeIgniter\CodeIgniter->runController(Object(App\Controllers\Marketing))
#6 D:\Services\xampp\htdocs\skripsi\alfredo\system\CodeIgniter.php(333): CodeIgniter\CodeIgniter->handleRequest(NULL, Object(Config\Cache), false)
#7 D:\Services\xampp\htdocs\skripsi\alfredo\index.php(44): CodeIgniter\CodeIgniter->run()
#8 {main}
CRITICAL - 2021-04-17 04:43:43 --> syntax error, unexpected '$', expecting variable (T_VARIABLE)
#0 D:\Services\xampp\htdocs\skripsi\alfredo\system\Autoloader\Autoloader.php(265): CodeIgniter\Autoloader\Autoloader->includeFile('D:\\Services\\xam...')
#1 D:\Services\xampp\htdocs\skripsi\alfredo\system\Autoloader\Autoloader.php(228): CodeIgniter\Autoloader\Autoloader->loadInNamespace('App\\Models\\M_ma...')
#2 [internal function]: CodeIgniter\Autoloader\Autoloader->loadClass('App\\Models\\M_ma...')
#3 D:\Services\xampp\htdocs\skripsi\alfredo\app\Controllers\Marketing.php(22): spl_autoload_call('App\\Models\\M_ma...')
#4 D:\Services\xampp\htdocs\skripsi\alfredo\system\CodeIgniter.php(936): App\Controllers\Marketing->validasi()
#5 D:\Services\xampp\htdocs\skripsi\alfredo\system\CodeIgniter.php(432): CodeIgniter\CodeIgniter->runController(Object(App\Controllers\Marketing))
#6 D:\Services\xampp\htdocs\skripsi\alfredo\system\CodeIgniter.php(333): CodeIgniter\CodeIgniter->handleRequest(NULL, Object(Config\Cache), false)
#7 D:\Services\xampp\htdocs\skripsi\alfredo\index.php(44): CodeIgniter\CodeIgniter->run()
#8 {main}
ERROR - 2021-04-17 13:28:36 --> mysqli_sql_exception: Column count doesn't match value count at row 1 in D:\Services\xampp\htdocs\skripsi\alfredo\system\Database\MySQLi\Connection.php:314
Stack trace:
#0 D:\Services\xampp\htdocs\skripsi\alfredo\system\Database\MySQLi\Connection.php(314): mysqli->query('insert into t_c...')
#1 D:\Services\xampp\htdocs\skripsi\alfredo\system\Database\BaseConnection.php(713): CodeIgniter\Database\MySQLi\Connection->execute('insert into t_c...')
#2 D:\Services\xampp\htdocs\skripsi\alfredo\system\Database\BaseConnection.php(641): CodeIgniter\Database\BaseConnection->simpleQuery('insert into t_c...')
#3 D:\Services\xampp\htdocs\skripsi\alfredo\app\Models\M_marketing.php(57): CodeIgniter\Database\BaseConnection->query('insert into t_c...')
#4 D:\Services\xampp\htdocs\skripsi\alfredo\app\Controllers\Marketing.php(73): App\Models\M_marketing->tambahnasabah('Iwan Setiawan', 'Pria', 'Jl SM Raja 600A', 'Single', 'PNS', '3', '23000000', '2300000', '11', '1972727', '3', '3')
#5 D:\Services\xampp\htdocs\skripsi\alfredo\system\CodeIgniter.php(936): App\Controllers\Marketing->tambahnasabah()
#6 D:\Services\xampp\htdocs\skripsi\alfredo\system\CodeIgniter.php(432): CodeIgniter\CodeIgniter->runController(Object(App\Controllers\Marketing))
#7 D:\Services\xampp\htdocs\skripsi\alfredo\system\CodeIgniter.php(333): CodeIgniter\CodeIgniter->handleRequest(NULL, Object(Config\Cache), false)
#8 D:\Services\xampp\htdocs\skripsi\alfredo\index.php(44): CodeIgniter\CodeIgniter->run()
#9 {main}
CRITICAL - 2021-04-17 13:28:36 --> mkdir(): File exists
#0 [internal function]: CodeIgniter\Debug\Exceptions->errorHandler(2, 'mkdir(): File e...', 'D:\\Services\\xam...', 75, Array)
#1 D:\Services\xampp\htdocs\skripsi\alfredo\app\Controllers\Marketing.php(75): mkdir('./public/data/', 511, true)
#2 D:\Services\xampp\htdocs\skripsi\alfredo\system\CodeIgniter.php(936): App\Controllers\Marketing->tambahnasabah()
#3 D:\Services\xampp\htdocs\skripsi\alfredo\system\CodeIgniter.php(432): CodeIgniter\CodeIgniter->runController(Object(App\Controllers\Marketing))
#4 D:\Services\xampp\htdocs\skripsi\alfredo\system\CodeIgniter.php(333): CodeIgniter\CodeIgniter->handleRequest(NULL, Object(Config\Cache), false)
#5 D:\Services\xampp\htdocs\skripsi\alfredo\index.php(44): CodeIgniter\CodeIgniter->run()
#6 {main}
ERROR - 2021-04-17 13:29:37 --> mysqli_sql_exception: Column count doesn't match value count at row 1 in D:\Services\xampp\htdocs\skripsi\alfredo\system\Database\MySQLi\Connection.php:314
Stack trace:
#0 D:\Services\xampp\htdocs\skripsi\alfredo\system\Database\MySQLi\Connection.php(314): mysqli->query('insert into t_c...')
#1 D:\Services\xampp\htdocs\skripsi\alfredo\system\Database\BaseConnection.php(713): CodeIgniter\Database\MySQLi\Connection->execute('insert into t_c...')
#2 D:\Services\xampp\htdocs\skripsi\alfredo\system\Database\BaseConnection.php(641): CodeIgniter\Database\BaseConnection->simpleQuery('insert into t_c...')
#3 D:\Services\xampp\htdocs\skripsi\alfredo\app\Models\M_marketing.php(57): CodeIgniter\Database\BaseConnection->query('insert into t_c...')
#4 D:\Services\xampp\htdocs\skripsi\alfredo\app\Controllers\Marketing.php(73): App\Models\M_marketing->tambahnasabah('Iwan Setiawan', 'Pria', 'Jl SM Raja 600A', 'Single', 'PNS', '3', '23000000', '2300000', '11', '1972727', '3', '3')
#5 D:\Services\xampp\htdocs\skripsi\alfredo\system\CodeIgniter.php(936): App\Controllers\Marketing->tambahnasabah()
#6 D:\Services\xampp\htdocs\skripsi\alfredo\system\CodeIgniter.php(432): CodeIgniter\CodeIgniter->runController(Object(App\Controllers\Marketing))
#7 D:\Services\xampp\htdocs\skripsi\alfredo\system\CodeIgniter.php(333): CodeIgniter\CodeIgniter->handleRequest(NULL, Object(Config\Cache), false)
#8 D:\Services\xampp\htdocs\skripsi\alfredo\index.php(44): CodeIgniter\CodeIgniter->run()
#9 {main}
ERROR - 2021-04-17 13:30:26 --> mysqli_sql_exception: Column count doesn't match value count at row 1 in D:\Services\xampp\htdocs\skripsi\alfredo\system\Database\MySQLi\Connection.php:314
Stack trace:
#0 D:\Services\xampp\htdocs\skripsi\alfredo\system\Database\MySQLi\Connection.php(314): mysqli->query('insert into t_c...')
#1 D:\Services\xampp\htdocs\skripsi\alfredo\system\Database\BaseConnection.php(713): CodeIgniter\Database\MySQLi\Connection->execute('insert into t_c...')
#2 D:\Services\xampp\htdocs\skripsi\alfredo\system\Database\BaseConnection.php(641): CodeIgniter\Database\BaseConnection->simpleQuery('insert into t_c...')
#3 D:\Services\xampp\htdocs\skripsi\alfredo\app\Models\M_marketing.php(57): CodeIgniter\Database\BaseConnection->query('insert into t_c...')
#4 D:\Services\xampp\htdocs\skripsi\alfredo\app\Controllers\Marketing.php(73): App\Models\M_marketing->tambahnasabah('Iwan Setiawan', 'Pria', 'Jl SM Raja 600A', 'Single', 'PNS', '3', '23000000', '4600000', '11', '1972727', '3', '3')
#5 D:\Services\xampp\htdocs\skripsi\alfredo\system\CodeIgniter.php(936): App\Controllers\Marketing->tambahnasabah()
#6 D:\Services\xampp\htdocs\skripsi\alfredo\system\CodeIgniter.php(432): CodeIgniter\CodeIgniter->runController(Object(App\Controllers\Marketing))
#7 D:\Services\xampp\htdocs\skripsi\alfredo\system\CodeIgniter.php(333): CodeIgniter\CodeIgniter->handleRequest(NULL, Object(Config\Cache), false)
#8 D:\Services\xampp\htdocs\skripsi\alfredo\index.php(44): CodeIgniter\CodeIgniter->run()
#9 {main}
CRITICAL - 2021-04-17 22:44:35 --> Call to a member function get() on null
#0 D:\Services\xampp\htdocs\skripsi\alfredo\system\View\View.php(220): include()
#1 D:\Services\xampp\htdocs\skripsi\alfredo\system\View\View.php(222): CodeIgniter\View\View->CodeIgniter\View\{closure}()
#2 D:\Services\xampp\htdocs\skripsi\alfredo\system\Common.php(1217): CodeIgniter\View\View->render('marketing/repor...', Array, true)
#3 D:\Services\xampp\htdocs\skripsi\alfredo\app\Controllers\Marketing.php(142): view('marketing/repor...', Array)
#4 D:\Services\xampp\htdocs\skripsi\alfredo\system\CodeIgniter.php(936): App\Controllers\Marketing->report()
#5 D:\Services\xampp\htdocs\skripsi\alfredo\system\CodeIgniter.php(432): CodeIgniter\CodeIgniter->runController(Object(App\Controllers\Marketing))
#6 D:\Services\xampp\htdocs\skripsi\alfredo\system\CodeIgniter.php(333): CodeIgniter\CodeIgniter->handleRequest(NULL, Object(Config\Cache), false)
#7 D:\Services\xampp\htdocs\skripsi\alfredo\index.php(44): CodeIgniter\CodeIgniter->run()
#8 {main}
CRITICAL - 2021-04-17 22:54:52 --> Function name must be a string
#0 D:\Services\xampp\htdocs\skripsi\alfredo\system\View\View.php(220): include()
#1 D:\Services\xampp\htdocs\skripsi\alfredo\system\View\View.php(222): CodeIgniter\View\View->CodeIgniter\View\{closure}()
#2 D:\Services\xampp\htdocs\skripsi\alfredo\system\Common.php(1217): CodeIgniter\View\View->render('marketing/repor...', Array, true)
#3 D:\Services\xampp\htdocs\skripsi\alfredo\app\Controllers\Marketing.php(142): view('marketing/repor...', Array)
#4 D:\Services\xampp\htdocs\skripsi\alfredo\system\CodeIgniter.php(936): App\Controllers\Marketing->report()
#5 D:\Services\xampp\htdocs\skripsi\alfredo\system\CodeIgniter.php(432): CodeIgniter\CodeIgniter->runController(Object(App\Controllers\Marketing))
#6 D:\Services\xampp\htdocs\skripsi\alfredo\system\CodeIgniter.php(333): CodeIgniter\CodeIgniter->handleRequest(NULL, Object(Config\Cache), false)
#7 D:\Services\xampp\htdocs\skripsi\alfredo\index.php(44): CodeIgniter\CodeIgniter->run()
#8 {main}
