CRITICAL - 2021-07-03 13:33:30 --> Undefined variable: nilai
#0 D:\Services\xampp\htdocs\skripsi\arif\frontend\app\Views\historymk.php(30): CodeIgniter\Debug\Exceptions->errorHandler(8, 'Undefined varia...', 'D:\\Services\\xam...', 30, Array)
#1 D:\Services\xampp\htdocs\skripsi\arif\frontend\system\View\View.php(220): include('D:\\Services\\xam...')
#2 D:\Services\xampp\htdocs\skripsi\arif\frontend\system\View\View.php(222): CodeIgniter\View\View->CodeIgniter\View\{closure}()
#3 D:\Services\xampp\htdocs\skripsi\arif\frontend\system\Common.php(1217): CodeIgniter\View\View->render('historymk', Array, true)
#4 D:\Services\xampp\htdocs\skripsi\arif\frontend\app\Controllers\App.php(42): view('historymk', Array)
#5 D:\Services\xampp\htdocs\skripsi\arif\frontend\system\CodeIgniter.php(936): App\Controllers\App->historymk('216001')
#6 D:\Services\xampp\htdocs\skripsi\arif\frontend\system\CodeIgniter.php(432): CodeIgniter\CodeIgniter->runController(Object(App\Controllers\App))
#7 D:\Services\xampp\htdocs\skripsi\arif\frontend\system\CodeIgniter.php(333): CodeIgniter\CodeIgniter->handleRequest(NULL, Object(Config\Cache), false)
#8 D:\Services\xampp\htdocs\skripsi\arif\frontend\index.php(44): CodeIgniter\CodeIgniter->run()
#9 {main}
CRITICAL - 2021-07-03 13:41:44 --> Undefined variable: nilai
#0 D:\Services\xampp\htdocs\skripsi\arif\frontend\app\Views\historymk.php(30): CodeIgniter\Debug\Exceptions->errorHandler(8, 'Undefined varia...', 'D:\\Services\\xam...', 30, Array)
#1 D:\Services\xampp\htdocs\skripsi\arif\frontend\system\View\View.php(220): include('D:\\Services\\xam...')
#2 D:\Services\xampp\htdocs\skripsi\arif\frontend\system\View\View.php(222): CodeIgniter\View\View->CodeIgniter\View\{closure}()
#3 D:\Services\xampp\htdocs\skripsi\arif\frontend\system\Common.php(1217): CodeIgniter\View\View->render('historymk', Array, true)
#4 D:\Services\xampp\htdocs\skripsi\arif\frontend\app\Controllers\App.php(42): view('historymk', Array)
#5 D:\Services\xampp\htdocs\skripsi\arif\frontend\system\CodeIgniter.php(936): App\Controllers\App->historymk('216001')
#6 D:\Services\xampp\htdocs\skripsi\arif\frontend\system\CodeIgniter.php(432): CodeIgniter\CodeIgniter->runController(Object(App\Controllers\App))
#7 D:\Services\xampp\htdocs\skripsi\arif\frontend\system\CodeIgniter.php(333): CodeIgniter\CodeIgniter->handleRequest(NULL, Object(Config\Cache), false)
#8 D:\Services\xampp\htdocs\skripsi\arif\frontend\index.php(44): CodeIgniter\CodeIgniter->run()
#9 {main}
CRITICAL - 2021-07-03 13:41:46 --> Undefined variable: nilai
#0 D:\Services\xampp\htdocs\skripsi\arif\frontend\app\Views\historymk.php(30): CodeIgniter\Debug\Exceptions->errorHandler(8, 'Undefined varia...', 'D:\\Services\\xam...', 30, Array)
#1 D:\Services\xampp\htdocs\skripsi\arif\frontend\system\View\View.php(220): include('D:\\Services\\xam...')
#2 D:\Services\xampp\htdocs\skripsi\arif\frontend\system\View\View.php(222): CodeIgniter\View\View->CodeIgniter\View\{closure}()
#3 D:\Services\xampp\htdocs\skripsi\arif\frontend\system\Common.php(1217): CodeIgniter\View\View->render('historymk', Array, true)
#4 D:\Services\xampp\htdocs\skripsi\arif\frontend\app\Controllers\App.php(42): view('historymk', Array)
#5 D:\Services\xampp\htdocs\skripsi\arif\frontend\system\CodeIgniter.php(936): App\Controllers\App->historymk('216001')
#6 D:\Services\xampp\htdocs\skripsi\arif\frontend\system\CodeIgniter.php(432): CodeIgniter\CodeIgniter->runController(Object(App\Controllers\App))
#7 D:\Services\xampp\htdocs\skripsi\arif\frontend\system\CodeIgniter.php(333): CodeIgniter\CodeIgniter->handleRequest(NULL, Object(Config\Cache), false)
#8 D:\Services\xampp\htdocs\skripsi\arif\frontend\index.php(44): CodeIgniter\CodeIgniter->run()
#9 {main}
CRITICAL - 2021-07-03 13:44:15 --> Undefined variable: history
#0 D:\Services\xampp\htdocs\skripsi\arif\frontend\app\Views\historymk.php(30): CodeIgniter\Debug\Exceptions->errorHandler(8, 'Undefined varia...', 'D:\\Services\\xam...', 30, Array)
#1 D:\Services\xampp\htdocs\skripsi\arif\frontend\system\View\View.php(220): include('D:\\Services\\xam...')
#2 D:\Services\xampp\htdocs\skripsi\arif\frontend\system\View\View.php(222): CodeIgniter\View\View->CodeIgniter\View\{closure}()
#3 D:\Services\xampp\htdocs\skripsi\arif\frontend\system\Common.php(1217): CodeIgniter\View\View->render('historymk', Array, true)
#4 D:\Services\xampp\htdocs\skripsi\arif\frontend\app\Controllers\App.php(42): view('historymk', Array)
#5 D:\Services\xampp\htdocs\skripsi\arif\frontend\system\CodeIgniter.php(936): App\Controllers\App->historymk('216001')
#6 D:\Services\xampp\htdocs\skripsi\arif\frontend\system\CodeIgniter.php(432): CodeIgniter\CodeIgniter->runController(Object(App\Controllers\App))
#7 D:\Services\xampp\htdocs\skripsi\arif\frontend\system\CodeIgniter.php(333): CodeIgniter\CodeIgniter->handleRequest(NULL, Object(Config\Cache), false)
#8 D:\Services\xampp\htdocs\skripsi\arif\frontend\index.php(44): CodeIgniter\CodeIgniter->run()
#9 {main}
CRITICAL - 2021-07-03 13:46:16 --> Trying to get property 'photo' of non-object
#0 D:\Services\xampp\htdocs\skripsi\arif\frontend\app\Views\historymk.php(30): CodeIgniter\Debug\Exceptions->errorHandler(8, 'Trying to get p...', 'D:\\Services\\xam...', 30, Array)
#1 D:\Services\xampp\htdocs\skripsi\arif\frontend\system\View\View.php(220): include('D:\\Services\\xam...')
#2 D:\Services\xampp\htdocs\skripsi\arif\frontend\system\View\View.php(222): CodeIgniter\View\View->CodeIgniter\View\{closure}()
#3 D:\Services\xampp\htdocs\skripsi\arif\frontend\system\Common.php(1217): CodeIgniter\View\View->render('historymk', Array, true)
#4 D:\Services\xampp\htdocs\skripsi\arif\frontend\app\Controllers\App.php(42): view('historymk', Array)
#5 D:\Services\xampp\htdocs\skripsi\arif\frontend\system\CodeIgniter.php(936): App\Controllers\App->historymk('216001')
#6 D:\Services\xampp\htdocs\skripsi\arif\frontend\system\CodeIgniter.php(432): CodeIgniter\CodeIgniter->runController(Object(App\Controllers\App))
#7 D:\Services\xampp\htdocs\skripsi\arif\frontend\system\CodeIgniter.php(333): CodeIgniter\CodeIgniter->handleRequest(NULL, Object(Config\Cache), false)
#8 D:\Services\xampp\htdocs\skripsi\arif\frontend\index.php(44): CodeIgniter\CodeIgniter->run()
#9 {main}
CRITICAL - 2021-07-03 13:47:58 --> Trying to get property 'photo' of non-object
#0 D:\Services\xampp\htdocs\skripsi\arif\frontend\app\Views\historymk.php(30): CodeIgniter\Debug\Exceptions->errorHandler(8, 'Trying to get p...', 'D:\\Services\\xam...', 30, Array)
#1 D:\Services\xampp\htdocs\skripsi\arif\frontend\system\View\View.php(220): include('D:\\Services\\xam...')
#2 D:\Services\xampp\htdocs\skripsi\arif\frontend\system\View\View.php(222): CodeIgniter\View\View->CodeIgniter\View\{closure}()
#3 D:\Services\xampp\htdocs\skripsi\arif\frontend\system\Common.php(1217): CodeIgniter\View\View->render('historymk', Array, true)
#4 D:\Services\xampp\htdocs\skripsi\arif\frontend\app\Controllers\App.php(42): view('historymk', Array)
#5 D:\Services\xampp\htdocs\skripsi\arif\frontend\system\CodeIgniter.php(936): App\Controllers\App->historymk('216001')
#6 D:\Services\xampp\htdocs\skripsi\arif\frontend\system\CodeIgniter.php(432): CodeIgniter\CodeIgniter->runController(Object(App\Controllers\App))
#7 D:\Services\xampp\htdocs\skripsi\arif\frontend\system\CodeIgniter.php(333): CodeIgniter\CodeIgniter->handleRequest(NULL, Object(Config\Cache), false)
#8 D:\Services\xampp\htdocs\skripsi\arif\frontend\index.php(44): CodeIgniter\CodeIgniter->run()
#9 {main}
CRITICAL - 2021-07-03 13:49:48 --> Object of class stdClass could not be converted to string
#0 D:\Services\xampp\htdocs\skripsi\arif\frontend\system\View\View.php(220): include()
#1 D:\Services\xampp\htdocs\skripsi\arif\frontend\system\View\View.php(222): CodeIgniter\View\View->CodeIgniter\View\{closure}()
#2 D:\Services\xampp\htdocs\skripsi\arif\frontend\system\Common.php(1217): CodeIgniter\View\View->render('historymk', Array, true)
#3 D:\Services\xampp\htdocs\skripsi\arif\frontend\app\Controllers\App.php(42): view('historymk', Array)
#4 D:\Services\xampp\htdocs\skripsi\arif\frontend\system\CodeIgniter.php(936): App\Controllers\App->historymk('216001')
#5 D:\Services\xampp\htdocs\skripsi\arif\frontend\system\CodeIgniter.php(432): CodeIgniter\CodeIgniter->runController(Object(App\Controllers\App))
#6 D:\Services\xampp\htdocs\skripsi\arif\frontend\system\CodeIgniter.php(333): CodeIgniter\CodeIgniter->handleRequest(NULL, Object(Config\Cache), false)
#7 D:\Services\xampp\htdocs\skripsi\arif\frontend\index.php(44): CodeIgniter\CodeIgniter->run()
#8 {main}
CRITICAL - 2021-07-03 13:50:13 --> Array to string conversion
#0 D:\Services\xampp\htdocs\skripsi\arif\frontend\app\Views\historymk.php(30): CodeIgniter\Debug\Exceptions->errorHandler(8, 'Array to string...', 'D:\\Services\\xam...', 30, Array)
#1 D:\Services\xampp\htdocs\skripsi\arif\frontend\system\View\View.php(220): include('D:\\Services\\xam...')
#2 D:\Services\xampp\htdocs\skripsi\arif\frontend\system\View\View.php(222): CodeIgniter\View\View->CodeIgniter\View\{closure}()
#3 D:\Services\xampp\htdocs\skripsi\arif\frontend\system\Common.php(1217): CodeIgniter\View\View->render('historymk', Array, true)
#4 D:\Services\xampp\htdocs\skripsi\arif\frontend\app\Controllers\App.php(42): view('historymk', Array)
#5 D:\Services\xampp\htdocs\skripsi\arif\frontend\system\CodeIgniter.php(936): App\Controllers\App->historymk('216001')
#6 D:\Services\xampp\htdocs\skripsi\arif\frontend\system\CodeIgniter.php(432): CodeIgniter\CodeIgniter->runController(Object(App\Controllers\App))
#7 D:\Services\xampp\htdocs\skripsi\arif\frontend\system\CodeIgniter.php(333): CodeIgniter\CodeIgniter->handleRequest(NULL, Object(Config\Cache), false)
#8 D:\Services\xampp\htdocs\skripsi\arif\frontend\index.php(44): CodeIgniter\CodeIgniter->run()
#9 {main}
CRITICAL - 2021-07-03 13:50:50 --> syntax error, unexpected '->' (T_OBJECT_OPERATOR), expecting ')'
#0 D:\Services\xampp\htdocs\skripsi\arif\frontend\system\View\View.php(222): CodeIgniter\View\View->CodeIgniter\View\{closure}()
#1 D:\Services\xampp\htdocs\skripsi\arif\frontend\system\Common.php(1217): CodeIgniter\View\View->render('historymk', Array, true)
#2 D:\Services\xampp\htdocs\skripsi\arif\frontend\app\Controllers\App.php(42): view('historymk', Array)
#3 D:\Services\xampp\htdocs\skripsi\arif\frontend\system\CodeIgniter.php(936): App\Controllers\App->historymk('216001')
#4 D:\Services\xampp\htdocs\skripsi\arif\frontend\system\CodeIgniter.php(432): CodeIgniter\CodeIgniter->runController(Object(App\Controllers\App))
#5 D:\Services\xampp\htdocs\skripsi\arif\frontend\system\CodeIgniter.php(333): CodeIgniter\CodeIgniter->handleRequest(NULL, Object(Config\Cache), false)
#6 D:\Services\xampp\htdocs\skripsi\arif\frontend\index.php(44): CodeIgniter\CodeIgniter->run()
#7 {main}
CRITICAL - 2021-07-03 13:51:02 --> Trying to get property 'photo' of non-object
#0 D:\Services\xampp\htdocs\skripsi\arif\frontend\app\Views\historymk.php(33): CodeIgniter\Debug\Exceptions->errorHandler(8, 'Trying to get p...', 'D:\\Services\\xam...', 33, Array)
#1 D:\Services\xampp\htdocs\skripsi\arif\frontend\system\View\View.php(220): include('D:\\Services\\xam...')
#2 D:\Services\xampp\htdocs\skripsi\arif\frontend\system\View\View.php(222): CodeIgniter\View\View->CodeIgniter\View\{closure}()
#3 D:\Services\xampp\htdocs\skripsi\arif\frontend\system\Common.php(1217): CodeIgniter\View\View->render('historymk', Array, true)
#4 D:\Services\xampp\htdocs\skripsi\arif\frontend\app\Controllers\App.php(42): view('historymk', Array)
#5 D:\Services\xampp\htdocs\skripsi\arif\frontend\system\CodeIgniter.php(936): App\Controllers\App->historymk('216001')
#6 D:\Services\xampp\htdocs\skripsi\arif\frontend\system\CodeIgniter.php(432): CodeIgniter\CodeIgniter->runController(Object(App\Controllers\App))
#7 D:\Services\xampp\htdocs\skripsi\arif\frontend\system\CodeIgniter.php(333): CodeIgniter\CodeIgniter->handleRequest(NULL, Object(Config\Cache), false)
#8 D:\Services\xampp\htdocs\skripsi\arif\frontend\index.php(44): CodeIgniter\CodeIgniter->run()
#9 {main}
CRITICAL - 2021-07-03 13:52:15 --> Trying to get property 'npm' of non-object
#0 D:\Services\xampp\htdocs\skripsi\arif\frontend\app\Views\historymk.php(35): CodeIgniter\Debug\Exceptions->errorHandler(8, 'Trying to get p...', 'D:\\Services\\xam...', 35, Array)
#1 D:\Services\xampp\htdocs\skripsi\arif\frontend\system\View\View.php(220): include('D:\\Services\\xam...')
#2 D:\Services\xampp\htdocs\skripsi\arif\frontend\system\View\View.php(222): CodeIgniter\View\View->CodeIgniter\View\{closure}()
#3 D:\Services\xampp\htdocs\skripsi\arif\frontend\system\Common.php(1217): CodeIgniter\View\View->render('historymk', Array, true)
#4 D:\Services\xampp\htdocs\skripsi\arif\frontend\app\Controllers\App.php(42): view('historymk', Array)
#5 D:\Services\xampp\htdocs\skripsi\arif\frontend\system\CodeIgniter.php(936): App\Controllers\App->historymk('216001')
#6 D:\Services\xampp\htdocs\skripsi\arif\frontend\system\CodeIgniter.php(432): CodeIgniter\CodeIgniter->runController(Object(App\Controllers\App))
#7 D:\Services\xampp\htdocs\skripsi\arif\frontend\system\CodeIgniter.php(333): CodeIgniter\CodeIgniter->handleRequest(NULL, Object(Config\Cache), false)
#8 D:\Services\xampp\htdocs\skripsi\arif\frontend\index.php(44): CodeIgniter\CodeIgniter->run()
#9 {main}
CRITICAL - 2021-07-03 13:54:37 --> Trying to get property 'photo' of non-object
#0 D:\Services\xampp\htdocs\skripsi\arif\frontend\app\Views\historymk.php(33): CodeIgniter\Debug\Exceptions->errorHandler(8, 'Trying to get p...', 'D:\\Services\\xam...', 33, Array)
#1 D:\Services\xampp\htdocs\skripsi\arif\frontend\system\View\View.php(220): include('D:\\Services\\xam...')
#2 D:\Services\xampp\htdocs\skripsi\arif\frontend\system\View\View.php(222): CodeIgniter\View\View->CodeIgniter\View\{closure}()
#3 D:\Services\xampp\htdocs\skripsi\arif\frontend\system\Common.php(1217): CodeIgniter\View\View->render('historymk', Array, true)
#4 D:\Services\xampp\htdocs\skripsi\arif\frontend\app\Controllers\App.php(42): view('historymk', Array)
#5 D:\Services\xampp\htdocs\skripsi\arif\frontend\system\CodeIgniter.php(936): App\Controllers\App->historymk('216001')
#6 D:\Services\xampp\htdocs\skripsi\arif\frontend\system\CodeIgniter.php(432): CodeIgniter\CodeIgniter->runController(Object(App\Controllers\App))
#7 D:\Services\xampp\htdocs\skripsi\arif\frontend\system\CodeIgniter.php(333): CodeIgniter\CodeIgniter->handleRequest(NULL, Object(Config\Cache), false)
#8 D:\Services\xampp\htdocs\skripsi\arif\frontend\index.php(44): CodeIgniter\CodeIgniter->run()
#9 {main}
CRITICAL - 2021-07-03 13:57:25 --> Trying to get property 'photo' of non-object
#0 D:\Services\xampp\htdocs\skripsi\arif\frontend\app\Views\historymk.php(30): CodeIgniter\Debug\Exceptions->errorHandler(8, 'Trying to get p...', 'D:\\Services\\xam...', 30, Array)
#1 D:\Services\xampp\htdocs\skripsi\arif\frontend\system\View\View.php(220): include('D:\\Services\\xam...')
#2 D:\Services\xampp\htdocs\skripsi\arif\frontend\system\View\View.php(222): CodeIgniter\View\View->CodeIgniter\View\{closure}()
#3 D:\Services\xampp\htdocs\skripsi\arif\frontend\system\Common.php(1217): CodeIgniter\View\View->render('historymk', Array, true)
#4 D:\Services\xampp\htdocs\skripsi\arif\frontend\app\Controllers\App.php(43): view('historymk', Array)
#5 D:\Services\xampp\htdocs\skripsi\arif\frontend\system\CodeIgniter.php(936): App\Controllers\App->historymk('216001')
#6 D:\Services\xampp\htdocs\skripsi\arif\frontend\system\CodeIgniter.php(432): CodeIgniter\CodeIgniter->runController(Object(App\Controllers\App))
#7 D:\Services\xampp\htdocs\skripsi\arif\frontend\system\CodeIgniter.php(333): CodeIgniter\CodeIgniter->handleRequest(NULL, Object(Config\Cache), false)
#8 D:\Services\xampp\htdocs\skripsi\arif\frontend\index.php(44): CodeIgniter\CodeIgniter->run()
#9 {main}
CRITICAL - 2021-07-03 13:58:07 --> Trying to get property 'photo' of non-object
#0 D:\Services\xampp\htdocs\skripsi\arif\frontend\app\Views\historymk.php(34): CodeIgniter\Debug\Exceptions->errorHandler(8, 'Trying to get p...', 'D:\\Services\\xam...', 34, Array)
#1 D:\Services\xampp\htdocs\skripsi\arif\frontend\system\View\View.php(220): include('D:\\Services\\xam...')
#2 D:\Services\xampp\htdocs\skripsi\arif\frontend\system\View\View.php(222): CodeIgniter\View\View->CodeIgniter\View\{closure}()
#3 D:\Services\xampp\htdocs\skripsi\arif\frontend\system\Common.php(1217): CodeIgniter\View\View->render('historymk', Array, true)
#4 D:\Services\xampp\htdocs\skripsi\arif\frontend\app\Controllers\App.php(43): view('historymk', Array)
#5 D:\Services\xampp\htdocs\skripsi\arif\frontend\system\CodeIgniter.php(936): App\Controllers\App->historymk('216001')
#6 D:\Services\xampp\htdocs\skripsi\arif\frontend\system\CodeIgniter.php(432): CodeIgniter\CodeIgniter->runController(Object(App\Controllers\App))
#7 D:\Services\xampp\htdocs\skripsi\arif\frontend\system\CodeIgniter.php(333): CodeIgniter\CodeIgniter->handleRequest(NULL, Object(Config\Cache), false)
#8 D:\Services\xampp\htdocs\skripsi\arif\frontend\index.php(44): CodeIgniter\CodeIgniter->run()
#9 {main}
CRITICAL - 2021-07-03 13:58:10 --> Trying to get property 'photo' of non-object
#0 D:\Services\xampp\htdocs\skripsi\arif\frontend\app\Views\historymk.php(34): CodeIgniter\Debug\Exceptions->errorHandler(8, 'Trying to get p...', 'D:\\Services\\xam...', 34, Array)
#1 D:\Services\xampp\htdocs\skripsi\arif\frontend\system\View\View.php(220): include('D:\\Services\\xam...')
#2 D:\Services\xampp\htdocs\skripsi\arif\frontend\system\View\View.php(222): CodeIgniter\View\View->CodeIgniter\View\{closure}()
#3 D:\Services\xampp\htdocs\skripsi\arif\frontend\system\Common.php(1217): CodeIgniter\View\View->render('historymk', Array, true)
#4 D:\Services\xampp\htdocs\skripsi\arif\frontend\app\Controllers\App.php(43): view('historymk', Array)
#5 D:\Services\xampp\htdocs\skripsi\arif\frontend\system\CodeIgniter.php(936): App\Controllers\App->historymk('216001')
#6 D:\Services\xampp\htdocs\skripsi\arif\frontend\system\CodeIgniter.php(432): CodeIgniter\CodeIgniter->runController(Object(App\Controllers\App))
#7 D:\Services\xampp\htdocs\skripsi\arif\frontend\system\CodeIgniter.php(333): CodeIgniter\CodeIgniter->handleRequest(NULL, Object(Config\Cache), false)
#8 D:\Services\xampp\htdocs\skripsi\arif\frontend\index.php(44): CodeIgniter\CodeIgniter->run()
#9 {main}
CRITICAL - 2021-07-03 14:00:50 --> Undefined property: stdClass::$kode
#0 D:\Services\xampp\htdocs\skripsi\arif\frontend\app\Views\historymk.php(50): CodeIgniter\Debug\Exceptions->errorHandler(8, 'Undefined prope...', 'D:\\Services\\xam...', 50, Array)
#1 D:\Services\xampp\htdocs\skripsi\arif\frontend\system\View\View.php(220): include('D:\\Services\\xam...')
#2 D:\Services\xampp\htdocs\skripsi\arif\frontend\system\View\View.php(222): CodeIgniter\View\View->CodeIgniter\View\{closure}()
#3 D:\Services\xampp\htdocs\skripsi\arif\frontend\system\Common.php(1217): CodeIgniter\View\View->render('historymk', Array, true)
#4 D:\Services\xampp\htdocs\skripsi\arif\frontend\app\Controllers\App.php(43): view('historymk', Array)
#5 D:\Services\xampp\htdocs\skripsi\arif\frontend\system\CodeIgniter.php(936): App\Controllers\App->historymk('216001')
#6 D:\Services\xampp\htdocs\skripsi\arif\frontend\system\CodeIgniter.php(432): CodeIgniter\CodeIgniter->runController(Object(App\Controllers\App))
#7 D:\Services\xampp\htdocs\skripsi\arif\frontend\system\CodeIgniter.php(333): CodeIgniter\CodeIgniter->handleRequest(NULL, Object(Config\Cache), false)
#8 D:\Services\xampp\htdocs\skripsi\arif\frontend\index.php(44): CodeIgniter\CodeIgniter->run()
#9 {main}
CRITICAL - 2021-07-03 14:02:58 --> Undefined variable: nilai
#0 D:\Services\xampp\htdocs\skripsi\arif\frontend\app\Views\historymk.php(34): CodeIgniter\Debug\Exceptions->errorHandler(8, 'Undefined varia...', 'D:\\Services\\xam...', 34, Array)
#1 D:\Services\xampp\htdocs\skripsi\arif\frontend\system\View\View.php(220): include('D:\\Services\\xam...')
#2 D:\Services\xampp\htdocs\skripsi\arif\frontend\system\View\View.php(222): CodeIgniter\View\View->CodeIgniter\View\{closure}()
#3 D:\Services\xampp\htdocs\skripsi\arif\frontend\system\Common.php(1217): CodeIgniter\View\View->render('historymk', Array, true)
#4 D:\Services\xampp\htdocs\skripsi\arif\frontend\app\Controllers\App.php(43): view('historymk', Array)
#5 D:\Services\xampp\htdocs\skripsi\arif\frontend\system\CodeIgniter.php(936): App\Controllers\App->historymk('216001')
#6 D:\Services\xampp\htdocs\skripsi\arif\frontend\system\CodeIgniter.php(432): CodeIgniter\CodeIgniter->runController(Object(App\Controllers\App))
#7 D:\Services\xampp\htdocs\skripsi\arif\frontend\system\CodeIgniter.php(333): CodeIgniter\CodeIgniter->handleRequest(NULL, Object(Config\Cache), false)
#8 D:\Services\xampp\htdocs\skripsi\arif\frontend\index.php(44): CodeIgniter\CodeIgniter->run()
#9 {main}
CRITICAL - 2021-07-03 14:03:28 --> Undefined property: stdClass::$kode
#0 D:\Services\xampp\htdocs\skripsi\arif\frontend\app\Views\historymk.php(45): CodeIgniter\Debug\Exceptions->errorHandler(8, 'Undefined prope...', 'D:\\Services\\xam...', 45, Array)
#1 D:\Services\xampp\htdocs\skripsi\arif\frontend\system\View\View.php(220): include('D:\\Services\\xam...')
#2 D:\Services\xampp\htdocs\skripsi\arif\frontend\system\View\View.php(222): CodeIgniter\View\View->CodeIgniter\View\{closure}()
#3 D:\Services\xampp\htdocs\skripsi\arif\frontend\system\Common.php(1217): CodeIgniter\View\View->render('historymk', Array, true)
#4 D:\Services\xampp\htdocs\skripsi\arif\frontend\app\Controllers\App.php(43): view('historymk', Array)
#5 D:\Services\xampp\htdocs\skripsi\arif\frontend\system\CodeIgniter.php(936): App\Controllers\App->historymk('216001')
#6 D:\Services\xampp\htdocs\skripsi\arif\frontend\system\CodeIgniter.php(432): CodeIgniter\CodeIgniter->runController(Object(App\Controllers\App))
#7 D:\Services\xampp\htdocs\skripsi\arif\frontend\system\CodeIgniter.php(333): CodeIgniter\CodeIgniter->handleRequest(NULL, Object(Config\Cache), false)
#8 D:\Services\xampp\htdocs\skripsi\arif\frontend\index.php(44): CodeIgniter\CodeIgniter->run()
#9 {main}
CRITICAL - 2021-07-03 14:03:41 --> Undefined property: stdClass::$kode
#0 D:\Services\xampp\htdocs\skripsi\arif\frontend\app\Views\historymk.php(45): CodeIgniter\Debug\Exceptions->errorHandler(8, 'Undefined prope...', 'D:\\Services\\xam...', 45, Array)
#1 D:\Services\xampp\htdocs\skripsi\arif\frontend\system\View\View.php(220): include('D:\\Services\\xam...')
#2 D:\Services\xampp\htdocs\skripsi\arif\frontend\system\View\View.php(222): CodeIgniter\View\View->CodeIgniter\View\{closure}()
#3 D:\Services\xampp\htdocs\skripsi\arif\frontend\system\Common.php(1217): CodeIgniter\View\View->render('historymk', Array, true)
#4 D:\Services\xampp\htdocs\skripsi\arif\frontend\app\Controllers\App.php(43): view('historymk', Array)
#5 D:\Services\xampp\htdocs\skripsi\arif\frontend\system\CodeIgniter.php(936): App\Controllers\App->historymk('216001')
#6 D:\Services\xampp\htdocs\skripsi\arif\frontend\system\CodeIgniter.php(432): CodeIgniter\CodeIgniter->runController(Object(App\Controllers\App))
#7 D:\Services\xampp\htdocs\skripsi\arif\frontend\system\CodeIgniter.php(333): CodeIgniter\CodeIgniter->handleRequest(NULL, Object(Config\Cache), false)
#8 D:\Services\xampp\htdocs\skripsi\arif\frontend\index.php(44): CodeIgniter\CodeIgniter->run()
#9 {main}
