ERROR - 2021-04-03 10:13:59 --> mysqli_sql_exception: No database selected in D:\Services\xampp\htdocs\skripsi\alfredo\system\Database\MySQLi\Connection.php:314
Stack trace:
#0 D:\Services\xampp\htdocs\skripsi\alfredo\system\Database\MySQLi\Connection.php(314): mysqli->query('select count(*)...')
#1 D:\Services\xampp\htdocs\skripsi\alfredo\system\Database\BaseConnection.php(713): CodeIgniter\Database\MySQLi\Connection->execute('select count(*)...')
#2 D:\Services\xampp\htdocs\skripsi\alfredo\system\Database\BaseConnection.php(641): CodeIgniter\Database\BaseConnection->simpleQuery('select count(*)...')
#3 D:\Services\xampp\htdocs\skripsi\alfredo\app\Models\M_admin.php(12): CodeIgniter\Database\BaseConnection->query('select count(*)...')
#4 D:\Services\xampp\htdocs\skripsi\alfredo\app\Controllers\Admin.php(23): App\Models\M_admin->validasi('test', 'test')
#5 D:\Services\xampp\htdocs\skripsi\alfredo\system\CodeIgniter.php(936): App\Controllers\Admin->validasi()
#6 D:\Services\xampp\htdocs\skripsi\alfredo\system\CodeIgniter.php(432): CodeIgniter\CodeIgniter->runController(Object(App\Controllers\Admin))
#7 D:\Services\xampp\htdocs\skripsi\alfredo\system\CodeIgniter.php(333): CodeIgniter\CodeIgniter->handleRequest(NULL, Object(Config\Cache), false)
#8 D:\Services\xampp\htdocs\skripsi\alfredo\index.php(44): CodeIgniter\CodeIgniter->run()
#9 {main}
ERROR - 2021-04-03 10:14:33 --> mysqli_sql_exception: No database selected in D:\Services\xampp\htdocs\skripsi\alfredo\system\Database\MySQLi\Connection.php:314
Stack trace:
#0 D:\Services\xampp\htdocs\skripsi\alfredo\system\Database\MySQLi\Connection.php(314): mysqli->query('select count(*)...')
#1 D:\Services\xampp\htdocs\skripsi\alfredo\system\Database\BaseConnection.php(713): CodeIgniter\Database\MySQLi\Connection->execute('select count(*)...')
#2 D:\Services\xampp\htdocs\skripsi\alfredo\system\Database\BaseConnection.php(641): CodeIgniter\Database\BaseConnection->simpleQuery('select count(*)...')
#3 D:\Services\xampp\htdocs\skripsi\alfredo\app\Models\M_admin.php(12): CodeIgniter\Database\BaseConnection->query('select count(*)...')
#4 D:\Services\xampp\htdocs\skripsi\alfredo\app\Controllers\Admin.php(23): App\Models\M_admin->validasi('test', 'test')
#5 D:\Services\xampp\htdocs\skripsi\alfredo\system\CodeIgniter.php(936): App\Controllers\Admin->validasi()
#6 D:\Services\xampp\htdocs\skripsi\alfredo\system\CodeIgniter.php(432): CodeIgniter\CodeIgniter->runController(Object(App\Controllers\Admin))
#7 D:\Services\xampp\htdocs\skripsi\alfredo\system\CodeIgniter.php(333): CodeIgniter\CodeIgniter->handleRequest(NULL, Object(Config\Cache), false)
#8 D:\Services\xampp\htdocs\skripsi\alfredo\index.php(44): CodeIgniter\CodeIgniter->run()
#9 {main}
ERROR - 2021-04-03 10:14:37 --> mysqli_sql_exception: No database selected in D:\Services\xampp\htdocs\skripsi\alfredo\system\Database\MySQLi\Connection.php:314
Stack trace:
#0 D:\Services\xampp\htdocs\skripsi\alfredo\system\Database\MySQLi\Connection.php(314): mysqli->query('select count(*)...')
#1 D:\Services\xampp\htdocs\skripsi\alfredo\system\Database\BaseConnection.php(713): CodeIgniter\Database\MySQLi\Connection->execute('select count(*)...')
#2 D:\Services\xampp\htdocs\skripsi\alfredo\system\Database\BaseConnection.php(641): CodeIgniter\Database\BaseConnection->simpleQuery('select count(*)...')
#3 D:\Services\xampp\htdocs\skripsi\alfredo\app\Models\M_admin.php(12): CodeIgniter\Database\BaseConnection->query('select count(*)...')
#4 D:\Services\xampp\htdocs\skripsi\alfredo\app\Controllers\Admin.php(23): App\Models\M_admin->validasi('admin', 'admin')
#5 D:\Services\xampp\htdocs\skripsi\alfredo\system\CodeIgniter.php(936): App\Controllers\Admin->validasi()
#6 D:\Services\xampp\htdocs\skripsi\alfredo\system\CodeIgniter.php(432): CodeIgniter\CodeIgniter->runController(Object(App\Controllers\Admin))
#7 D:\Services\xampp\htdocs\skripsi\alfredo\system\CodeIgniter.php(333): CodeIgniter\CodeIgniter->handleRequest(NULL, Object(Config\Cache), false)
#8 D:\Services\xampp\htdocs\skripsi\alfredo\index.php(44): CodeIgniter\CodeIgniter->run()
#9 {main}
ERROR - 2021-04-03 10:15:08 --> mysqli_sql_exception: No database selected in D:\Services\xampp\htdocs\skripsi\alfredo\system\Database\MySQLi\Connection.php:314
Stack trace:
#0 D:\Services\xampp\htdocs\skripsi\alfredo\system\Database\MySQLi\Connection.php(314): mysqli->query('select count(*)...')
#1 D:\Services\xampp\htdocs\skripsi\alfredo\system\Database\BaseConnection.php(713): CodeIgniter\Database\MySQLi\Connection->execute('select count(*)...')
#2 D:\Services\xampp\htdocs\skripsi\alfredo\system\Database\BaseConnection.php(641): CodeIgniter\Database\BaseConnection->simpleQuery('select count(*)...')
#3 D:\Services\xampp\htdocs\skripsi\alfredo\app\Models\M_admin.php(12): CodeIgniter\Database\BaseConnection->query('select count(*)...')
#4 D:\Services\xampp\htdocs\skripsi\alfredo\app\Controllers\Admin.php(23): App\Models\M_admin->validasi('test', 'test')
#5 D:\Services\xampp\htdocs\skripsi\alfredo\system\CodeIgniter.php(936): App\Controllers\Admin->validasi()
#6 D:\Services\xampp\htdocs\skripsi\alfredo\system\CodeIgniter.php(432): CodeIgniter\CodeIgniter->runController(Object(App\Controllers\Admin))
#7 D:\Services\xampp\htdocs\skripsi\alfredo\system\CodeIgniter.php(333): CodeIgniter\CodeIgniter->handleRequest(NULL, Object(Config\Cache), false)
#8 D:\Services\xampp\htdocs\skripsi\alfredo\index.php(44): CodeIgniter\CodeIgniter->run()
#9 {main}
ERROR - 2021-04-03 10:15:15 --> mysqli_sql_exception: No database selected in D:\Services\xampp\htdocs\skripsi\alfredo\system\Database\MySQLi\Connection.php:314
Stack trace:
#0 D:\Services\xampp\htdocs\skripsi\alfredo\system\Database\MySQLi\Connection.php(314): mysqli->query('select count(*)...')
#1 D:\Services\xampp\htdocs\skripsi\alfredo\system\Database\BaseConnection.php(713): CodeIgniter\Database\MySQLi\Connection->execute('select count(*)...')
#2 D:\Services\xampp\htdocs\skripsi\alfredo\system\Database\BaseConnection.php(641): CodeIgniter\Database\BaseConnection->simpleQuery('select count(*)...')
#3 D:\Services\xampp\htdocs\skripsi\alfredo\app\Models\M_admin.php(12): CodeIgniter\Database\BaseConnection->query('select count(*)...')
#4 D:\Services\xampp\htdocs\skripsi\alfredo\app\Controllers\Admin.php(23): App\Models\M_admin->validasi('admin', 'admin')
#5 D:\Services\xampp\htdocs\skripsi\alfredo\system\CodeIgniter.php(936): App\Controllers\Admin->validasi()
#6 D:\Services\xampp\htdocs\skripsi\alfredo\system\CodeIgniter.php(432): CodeIgniter\CodeIgniter->runController(Object(App\Controllers\Admin))
#7 D:\Services\xampp\htdocs\skripsi\alfredo\system\CodeIgniter.php(333): CodeIgniter\CodeIgniter->handleRequest(NULL, Object(Config\Cache), false)
#8 D:\Services\xampp\htdocs\skripsi\alfredo\index.php(44): CodeIgniter\CodeIgniter->run()
#9 {main}
ERROR - 2021-04-03 10:15:54 --> mysqli_sql_exception: No database selected in D:\Services\xampp\htdocs\skripsi\alfredo\system\Database\MySQLi\Connection.php:314
Stack trace:
#0 D:\Services\xampp\htdocs\skripsi\alfredo\system\Database\MySQLi\Connection.php(314): mysqli->query('select count(*)...')
#1 D:\Services\xampp\htdocs\skripsi\alfredo\system\Database\BaseConnection.php(713): CodeIgniter\Database\MySQLi\Connection->execute('select count(*)...')
#2 D:\Services\xampp\htdocs\skripsi\alfredo\system\Database\BaseConnection.php(641): CodeIgniter\Database\BaseConnection->simpleQuery('select count(*)...')
#3 D:\Services\xampp\htdocs\skripsi\alfredo\app\Models\M_admin.php(12): CodeIgniter\Database\BaseConnection->query('select count(*)...')
#4 D:\Services\xampp\htdocs\skripsi\alfredo\app\Controllers\Admin.php(23): App\Models\M_admin->validasi('test', 'test')
#5 D:\Services\xampp\htdocs\skripsi\alfredo\system\CodeIgniter.php(936): App\Controllers\Admin->validasi()
#6 D:\Services\xampp\htdocs\skripsi\alfredo\system\CodeIgniter.php(432): CodeIgniter\CodeIgniter->runController(Object(App\Controllers\Admin))
#7 D:\Services\xampp\htdocs\skripsi\alfredo\system\CodeIgniter.php(333): CodeIgniter\CodeIgniter->handleRequest(NULL, Object(Config\Cache), false)
#8 D:\Services\xampp\htdocs\skripsi\alfredo\index.php(44): CodeIgniter\CodeIgniter->run()
#9 {main}
ERROR - 2021-04-03 10:16:02 --> mysqli_sql_exception: No database selected in D:\Services\xampp\htdocs\skripsi\alfredo\system\Database\MySQLi\Connection.php:314
Stack trace:
#0 D:\Services\xampp\htdocs\skripsi\alfredo\system\Database\MySQLi\Connection.php(314): mysqli->query('select count(*)...')
#1 D:\Services\xampp\htdocs\skripsi\alfredo\system\Database\BaseConnection.php(713): CodeIgniter\Database\MySQLi\Connection->execute('select count(*)...')
#2 D:\Services\xampp\htdocs\skripsi\alfredo\system\Database\BaseConnection.php(641): CodeIgniter\Database\BaseConnection->simpleQuery('select count(*)...')
#3 D:\Services\xampp\htdocs\skripsi\alfredo\app\Models\M_admin.php(12): CodeIgniter\Database\BaseConnection->query('select count(*)...')
#4 D:\Services\xampp\htdocs\skripsi\alfredo\app\Controllers\Admin.php(23): App\Models\M_admin->validasi('admin', 'admin')
#5 D:\Services\xampp\htdocs\skripsi\alfredo\system\CodeIgniter.php(936): App\Controllers\Admin->validasi()
#6 D:\Services\xampp\htdocs\skripsi\alfredo\system\CodeIgniter.php(432): CodeIgniter\CodeIgniter->runController(Object(App\Controllers\Admin))
#7 D:\Services\xampp\htdocs\skripsi\alfredo\system\CodeIgniter.php(333): CodeIgniter\CodeIgniter->handleRequest(NULL, Object(Config\Cache), false)
#8 D:\Services\xampp\htdocs\skripsi\alfredo\index.php(44): CodeIgniter\CodeIgniter->run()
#9 {main}
ERROR - 2021-04-03 10:17:15 --> mysqli_sql_exception: No database selected in D:\Services\xampp\htdocs\skripsi\alfredo\system\Database\MySQLi\Connection.php:314
Stack trace:
#0 D:\Services\xampp\htdocs\skripsi\alfredo\system\Database\MySQLi\Connection.php(314): mysqli->query('select count(*)...')
#1 D:\Services\xampp\htdocs\skripsi\alfredo\system\Database\BaseConnection.php(713): CodeIgniter\Database\MySQLi\Connection->execute('select count(*)...')
#2 D:\Services\xampp\htdocs\skripsi\alfredo\system\Database\BaseConnection.php(641): CodeIgniter\Database\BaseConnection->simpleQuery('select count(*)...')
#3 D:\Services\xampp\htdocs\skripsi\alfredo\app\Models\M_admin.php(12): CodeIgniter\Database\BaseConnection->query('select count(*)...')
#4 D:\Services\xampp\htdocs\skripsi\alfredo\app\Controllers\Admin.php(23): App\Models\M_admin->validasi('test', 'test')
#5 D:\Services\xampp\htdocs\skripsi\alfredo\system\CodeIgniter.php(936): App\Controllers\Admin->validasi()
#6 D:\Services\xampp\htdocs\skripsi\alfredo\system\CodeIgniter.php(432): CodeIgniter\CodeIgniter->runController(Object(App\Controllers\Admin))
#7 D:\Services\xampp\htdocs\skripsi\alfredo\system\CodeIgniter.php(333): CodeIgniter\CodeIgniter->handleRequest(NULL, Object(Config\Cache), false)
#8 D:\Services\xampp\htdocs\skripsi\alfredo\index.php(44): CodeIgniter\CodeIgniter->run()
#9 {main}
ERROR - 2021-04-03 10:17:23 --> mysqli_sql_exception: No database selected in D:\Services\xampp\htdocs\skripsi\alfredo\system\Database\MySQLi\Connection.php:314
Stack trace:
#0 D:\Services\xampp\htdocs\skripsi\alfredo\system\Database\MySQLi\Connection.php(314): mysqli->query('select count(*)...')
#1 D:\Services\xampp\htdocs\skripsi\alfredo\system\Database\BaseConnection.php(713): CodeIgniter\Database\MySQLi\Connection->execute('select count(*)...')
#2 D:\Services\xampp\htdocs\skripsi\alfredo\system\Database\BaseConnection.php(641): CodeIgniter\Database\BaseConnection->simpleQuery('select count(*)...')
#3 D:\Services\xampp\htdocs\skripsi\alfredo\app\Models\M_admin.php(12): CodeIgniter\Database\BaseConnection->query('select count(*)...')
#4 D:\Services\xampp\htdocs\skripsi\alfredo\app\Controllers\Admin.php(23): App\Models\M_admin->validasi('admin', 'admin')
#5 D:\Services\xampp\htdocs\skripsi\alfredo\system\CodeIgniter.php(936): App\Controllers\Admin->validasi()
#6 D:\Services\xampp\htdocs\skripsi\alfredo\system\CodeIgniter.php(432): CodeIgniter\CodeIgniter->runController(Object(App\Controllers\Admin))
#7 D:\Services\xampp\htdocs\skripsi\alfredo\system\CodeIgniter.php(333): CodeIgniter\CodeIgniter->handleRequest(NULL, Object(Config\Cache), false)
#8 D:\Services\xampp\htdocs\skripsi\alfredo\index.php(44): CodeIgniter\CodeIgniter->run()
#9 {main}
ERROR - 2021-04-03 10:18:25 --> mysqli_sql_exception: No database selected in D:\Services\xampp\htdocs\skripsi\alfredo\system\Database\MySQLi\Connection.php:314
Stack trace:
#0 D:\Services\xampp\htdocs\skripsi\alfredo\system\Database\MySQLi\Connection.php(314): mysqli->query('select count(*)...')
#1 D:\Services\xampp\htdocs\skripsi\alfredo\system\Database\BaseConnection.php(713): CodeIgniter\Database\MySQLi\Connection->execute('select count(*)...')
#2 D:\Services\xampp\htdocs\skripsi\alfredo\system\Database\BaseConnection.php(641): CodeIgniter\Database\BaseConnection->simpleQuery('select count(*)...')
#3 D:\Services\xampp\htdocs\skripsi\alfredo\app\Models\M_admin.php(12): CodeIgniter\Database\BaseConnection->query('select count(*)...')
#4 D:\Services\xampp\htdocs\skripsi\alfredo\app\Controllers\Admin.php(23): App\Models\M_admin->validasi('admin', 'admin')
#5 D:\Services\xampp\htdocs\skripsi\alfredo\system\CodeIgniter.php(936): App\Controllers\Admin->validasi()
#6 D:\Services\xampp\htdocs\skripsi\alfredo\system\CodeIgniter.php(432): CodeIgniter\CodeIgniter->runController(Object(App\Controllers\Admin))
#7 D:\Services\xampp\htdocs\skripsi\alfredo\system\CodeIgniter.php(333): CodeIgniter\CodeIgniter->handleRequest(NULL, Object(Config\Cache), false)
#8 D:\Services\xampp\htdocs\skripsi\alfredo\index.php(44): CodeIgniter\CodeIgniter->run()
#9 {main}
ERROR - 2021-04-03 10:19:37 --> mysqli_sql_exception: No database selected in D:\Services\xampp\htdocs\skripsi\alfredo\system\Database\MySQLi\Connection.php:314
Stack trace:
#0 D:\Services\xampp\htdocs\skripsi\alfredo\system\Database\MySQLi\Connection.php(314): mysqli->query('select count(*)...')
#1 D:\Services\xampp\htdocs\skripsi\alfredo\system\Database\BaseConnection.php(713): CodeIgniter\Database\MySQLi\Connection->execute('select count(*)...')
#2 D:\Services\xampp\htdocs\skripsi\alfredo\system\Database\BaseConnection.php(641): CodeIgniter\Database\BaseConnection->simpleQuery('select count(*)...')
#3 D:\Services\xampp\htdocs\skripsi\alfredo\app\Models\M_admin.php(12): CodeIgniter\Database\BaseConnection->query('select count(*)...')
#4 D:\Services\xampp\htdocs\skripsi\alfredo\app\Controllers\Admin.php(23): App\Models\M_admin->validasi('admin', 'admin')
#5 D:\Services\xampp\htdocs\skripsi\alfredo\system\CodeIgniter.php(936): App\Controllers\Admin->validasi()
#6 D:\Services\xampp\htdocs\skripsi\alfredo\system\CodeIgniter.php(432): CodeIgniter\CodeIgniter->runController(Object(App\Controllers\Admin))
#7 D:\Services\xampp\htdocs\skripsi\alfredo\system\CodeIgniter.php(333): CodeIgniter\CodeIgniter->handleRequest(NULL, Object(Config\Cache), false)
#8 D:\Services\xampp\htdocs\skripsi\alfredo\index.php(44): CodeIgniter\CodeIgniter->run()
#9 {main}
ERROR - 2021-04-03 10:19:57 --> mysqli_sql_exception: No database selected in D:\Services\xampp\htdocs\skripsi\alfredo\system\Database\MySQLi\Connection.php:314
Stack trace:
#0 D:\Services\xampp\htdocs\skripsi\alfredo\system\Database\MySQLi\Connection.php(314): mysqli->query('select count(*)...')
#1 D:\Services\xampp\htdocs\skripsi\alfredo\system\Database\BaseConnection.php(713): CodeIgniter\Database\MySQLi\Connection->execute('select count(*)...')
#2 D:\Services\xampp\htdocs\skripsi\alfredo\system\Database\BaseConnection.php(641): CodeIgniter\Database\BaseConnection->simpleQuery('select count(*)...')
#3 D:\Services\xampp\htdocs\skripsi\alfredo\app\Models\M_admin.php(12): CodeIgniter\Database\BaseConnection->query('select count(*)...')
#4 D:\Services\xampp\htdocs\skripsi\alfredo\app\Controllers\Admin.php(23): App\Models\M_admin->validasi('admin', 'admin')
#5 D:\Services\xampp\htdocs\skripsi\alfredo\system\CodeIgniter.php(936): App\Controllers\Admin->validasi()
#6 D:\Services\xampp\htdocs\skripsi\alfredo\system\CodeIgniter.php(432): CodeIgniter\CodeIgniter->runController(Object(App\Controllers\Admin))
#7 D:\Services\xampp\htdocs\skripsi\alfredo\system\CodeIgniter.php(333): CodeIgniter\CodeIgniter->handleRequest(NULL, Object(Config\Cache), false)
#8 D:\Services\xampp\htdocs\skripsi\alfredo\index.php(44): CodeIgniter\CodeIgniter->run()
#9 {main}
ERROR - 2021-04-03 10:20:17 --> mysqli_sql_exception: No database selected in D:\Services\xampp\htdocs\skripsi\alfredo\system\Database\MySQLi\Connection.php:314
Stack trace:
#0 D:\Services\xampp\htdocs\skripsi\alfredo\system\Database\MySQLi\Connection.php(314): mysqli->query('select count(*)...')
#1 D:\Services\xampp\htdocs\skripsi\alfredo\system\Database\BaseConnection.php(713): CodeIgniter\Database\MySQLi\Connection->execute('select count(*)...')
#2 D:\Services\xampp\htdocs\skripsi\alfredo\system\Database\BaseConnection.php(641): CodeIgniter\Database\BaseConnection->simpleQuery('select count(*)...')
#3 D:\Services\xampp\htdocs\skripsi\alfredo\app\Models\M_admin.php(12): CodeIgniter\Database\BaseConnection->query('select count(*)...')
#4 D:\Services\xampp\htdocs\skripsi\alfredo\app\Controllers\Admin.php(23): App\Models\M_admin->validasi('admin', 'admin')
#5 D:\Services\xampp\htdocs\skripsi\alfredo\system\CodeIgniter.php(936): App\Controllers\Admin->validasi()
#6 D:\Services\xampp\htdocs\skripsi\alfredo\system\CodeIgniter.php(432): CodeIgniter\CodeIgniter->runController(Object(App\Controllers\Admin))
#7 D:\Services\xampp\htdocs\skripsi\alfredo\system\CodeIgniter.php(333): CodeIgniter\CodeIgniter->handleRequest(NULL, Object(Config\Cache), false)
#8 D:\Services\xampp\htdocs\skripsi\alfredo\index.php(44): CodeIgniter\CodeIgniter->run()
#9 {main}
ERROR - 2021-04-03 10:23:04 --> mysqli_sql_exception: No database selected in D:\Services\xampp\htdocs\skripsi\alfredo\system\Database\MySQLi\Connection.php:314
Stack trace:
#0 D:\Services\xampp\htdocs\skripsi\alfredo\system\Database\MySQLi\Connection.php(314): mysqli->query('select count(*)...')
#1 D:\Services\xampp\htdocs\skripsi\alfredo\system\Database\BaseConnection.php(713): CodeIgniter\Database\MySQLi\Connection->execute('select count(*)...')
#2 D:\Services\xampp\htdocs\skripsi\alfredo\system\Database\BaseConnection.php(641): CodeIgniter\Database\BaseConnection->simpleQuery('select count(*)...')
#3 D:\Services\xampp\htdocs\skripsi\alfredo\app\Models\M_admin.php(12): CodeIgniter\Database\BaseConnection->query('select count(*)...')
#4 D:\Services\xampp\htdocs\skripsi\alfredo\app\Controllers\Admin.php(23): App\Models\M_admin->validasi('admin', 'admin')
#5 D:\Services\xampp\htdocs\skripsi\alfredo\system\CodeIgniter.php(936): App\Controllers\Admin->validasi()
#6 D:\Services\xampp\htdocs\skripsi\alfredo\system\CodeIgniter.php(432): CodeIgniter\CodeIgniter->runController(Object(App\Controllers\Admin))
#7 D:\Services\xampp\htdocs\skripsi\alfredo\system\CodeIgniter.php(333): CodeIgniter\CodeIgniter->handleRequest(NULL, Object(Config\Cache), false)
#8 D:\Services\xampp\htdocs\skripsi\alfredo\index.php(44): CodeIgniter\CodeIgniter->run()
#9 {main}
ERROR - 2021-04-03 10:23:18 --> mysqli_sql_exception: No database selected in D:\Services\xampp\htdocs\skripsi\alfredo\system\Database\MySQLi\Connection.php:314
Stack trace:
#0 D:\Services\xampp\htdocs\skripsi\alfredo\system\Database\MySQLi\Connection.php(314): mysqli->query('select count(*)...')
#1 D:\Services\xampp\htdocs\skripsi\alfredo\system\Database\BaseConnection.php(713): CodeIgniter\Database\MySQLi\Connection->execute('select count(*)...')
#2 D:\Services\xampp\htdocs\skripsi\alfredo\system\Database\BaseConnection.php(641): CodeIgniter\Database\BaseConnection->simpleQuery('select count(*)...')
#3 D:\Services\xampp\htdocs\skripsi\alfredo\app\Models\M_admin.php(12): CodeIgniter\Database\BaseConnection->query('select count(*)...')
#4 D:\Services\xampp\htdocs\skripsi\alfredo\app\Controllers\Admin.php(23): App\Models\M_admin->validasi('admin', 'admin')
#5 D:\Services\xampp\htdocs\skripsi\alfredo\system\CodeIgniter.php(936): App\Controllers\Admin->validasi()
#6 D:\Services\xampp\htdocs\skripsi\alfredo\system\CodeIgniter.php(432): CodeIgniter\CodeIgniter->runController(Object(App\Controllers\Admin))
#7 D:\Services\xampp\htdocs\skripsi\alfredo\system\CodeIgniter.php(333): CodeIgniter\CodeIgniter->handleRequest(NULL, Object(Config\Cache), false)
#8 D:\Services\xampp\htdocs\skripsi\alfredo\index.php(44): CodeIgniter\CodeIgniter->run()
#9 {main}
ERROR - 2021-04-03 10:23:43 --> mysqli_sql_exception: No database selected in D:\Services\xampp\htdocs\skripsi\alfredo\system\Database\MySQLi\Connection.php:314
Stack trace:
#0 D:\Services\xampp\htdocs\skripsi\alfredo\system\Database\MySQLi\Connection.php(314): mysqli->query('select count(*)...')
#1 D:\Services\xampp\htdocs\skripsi\alfredo\system\Database\BaseConnection.php(713): CodeIgniter\Database\MySQLi\Connection->execute('select count(*)...')
#2 D:\Services\xampp\htdocs\skripsi\alfredo\system\Database\BaseConnection.php(641): CodeIgniter\Database\BaseConnection->simpleQuery('select count(*)...')
#3 D:\Services\xampp\htdocs\skripsi\alfredo\app\Models\M_admin.php(12): CodeIgniter\Database\BaseConnection->query('select count(*)...')
#4 D:\Services\xampp\htdocs\skripsi\alfredo\app\Controllers\Admin.php(23): App\Models\M_admin->validasi('admin', 'admin')
#5 D:\Services\xampp\htdocs\skripsi\alfredo\system\CodeIgniter.php(936): App\Controllers\Admin->validasi()
#6 D:\Services\xampp\htdocs\skripsi\alfredo\system\CodeIgniter.php(432): CodeIgniter\CodeIgniter->runController(Object(App\Controllers\Admin))
#7 D:\Services\xampp\htdocs\skripsi\alfredo\system\CodeIgniter.php(333): CodeIgniter\CodeIgniter->handleRequest(NULL, Object(Config\Cache), false)
#8 D:\Services\xampp\htdocs\skripsi\alfredo\index.php(44): CodeIgniter\CodeIgniter->run()
#9 {main}
ERROR - 2021-04-03 10:24:28 --> mysqli_sql_exception: No database selected in D:\Services\xampp\htdocs\skripsi\alfredo\system\Database\MySQLi\Connection.php:314
Stack trace:
#0 D:\Services\xampp\htdocs\skripsi\alfredo\system\Database\MySQLi\Connection.php(314): mysqli->query('select count(*)...')
#1 D:\Services\xampp\htdocs\skripsi\alfredo\system\Database\BaseConnection.php(713): CodeIgniter\Database\MySQLi\Connection->execute('select count(*)...')
#2 D:\Services\xampp\htdocs\skripsi\alfredo\system\Database\BaseConnection.php(641): CodeIgniter\Database\BaseConnection->simpleQuery('select count(*)...')
#3 D:\Services\xampp\htdocs\skripsi\alfredo\app\Models\M_admin.php(12): CodeIgniter\Database\BaseConnection->query('select count(*)...')
#4 D:\Services\xampp\htdocs\skripsi\alfredo\app\Controllers\Admin.php(23): App\Models\M_admin->validasi('admin', 'admin')
#5 D:\Services\xampp\htdocs\skripsi\alfredo\system\CodeIgniter.php(936): App\Controllers\Admin->validasi()
#6 D:\Services\xampp\htdocs\skripsi\alfredo\system\CodeIgniter.php(432): CodeIgniter\CodeIgniter->runController(Object(App\Controllers\Admin))
#7 D:\Services\xampp\htdocs\skripsi\alfredo\system\CodeIgniter.php(333): CodeIgniter\CodeIgniter->handleRequest(NULL, Object(Config\Cache), false)
#8 D:\Services\xampp\htdocs\skripsi\alfredo\index.php(44): CodeIgniter\CodeIgniter->run()
#9 {main}
ERROR - 2021-04-03 10:25:23 --> mysqli_sql_exception: No database selected in D:\Services\xampp\htdocs\skripsi\alfredo\system\Database\MySQLi\Connection.php:314
Stack trace:
#0 D:\Services\xampp\htdocs\skripsi\alfredo\system\Database\MySQLi\Connection.php(314): mysqli->query('select count(*)...')
#1 D:\Services\xampp\htdocs\skripsi\alfredo\system\Database\BaseConnection.php(713): CodeIgniter\Database\MySQLi\Connection->execute('select count(*)...')
#2 D:\Services\xampp\htdocs\skripsi\alfredo\system\Database\BaseConnection.php(641): CodeIgniter\Database\BaseConnection->simpleQuery('select count(*)...')
#3 D:\Services\xampp\htdocs\skripsi\alfredo\app\Models\M_admin.php(12): CodeIgniter\Database\BaseConnection->query('select count(*)...')
#4 D:\Services\xampp\htdocs\skripsi\alfredo\app\Controllers\Admin.php(23): App\Models\M_admin->validasi('admin', 'admin')
#5 D:\Services\xampp\htdocs\skripsi\alfredo\system\CodeIgniter.php(936): App\Controllers\Admin->validasi()
#6 D:\Services\xampp\htdocs\skripsi\alfredo\system\CodeIgniter.php(432): CodeIgniter\CodeIgniter->runController(Object(App\Controllers\Admin))
#7 D:\Services\xampp\htdocs\skripsi\alfredo\system\CodeIgniter.php(333): CodeIgniter\CodeIgniter->handleRequest(NULL, Object(Config\Cache), false)
#8 D:\Services\xampp\htdocs\skripsi\alfredo\index.php(44): CodeIgniter\CodeIgniter->run()
#9 {main}
ERROR - 2021-04-03 10:25:41 --> mysqli_sql_exception: No database selected in D:\Services\xampp\htdocs\skripsi\alfredo\system\Database\MySQLi\Connection.php:314
Stack trace:
#0 D:\Services\xampp\htdocs\skripsi\alfredo\system\Database\MySQLi\Connection.php(314): mysqli->query('select count(*)...')
#1 D:\Services\xampp\htdocs\skripsi\alfredo\system\Database\BaseConnection.php(713): CodeIgniter\Database\MySQLi\Connection->execute('select count(*)...')
#2 D:\Services\xampp\htdocs\skripsi\alfredo\system\Database\BaseConnection.php(641): CodeIgniter\Database\BaseConnection->simpleQuery('select count(*)...')
#3 D:\Services\xampp\htdocs\skripsi\alfredo\app\Models\M_admin.php(12): CodeIgniter\Database\BaseConnection->query('select count(*)...')
#4 D:\Services\xampp\htdocs\skripsi\alfredo\app\Controllers\Admin.php(23): App\Models\M_admin->validasi('admin', 'admin')
#5 D:\Services\xampp\htdocs\skripsi\alfredo\system\CodeIgniter.php(936): App\Controllers\Admin->validasi()
#6 D:\Services\xampp\htdocs\skripsi\alfredo\system\CodeIgniter.php(432): CodeIgniter\CodeIgniter->runController(Object(App\Controllers\Admin))
#7 D:\Services\xampp\htdocs\skripsi\alfredo\system\CodeIgniter.php(333): CodeIgniter\CodeIgniter->handleRequest(NULL, Object(Config\Cache), false)
#8 D:\Services\xampp\htdocs\skripsi\alfredo\index.php(44): CodeIgniter\CodeIgniter->run()
#9 {main}
ERROR - 2021-04-03 10:26:44 --> mysqli_sql_exception: No database selected in D:\Services\xampp\htdocs\skripsi\alfredo\system\Database\MySQLi\Connection.php:314
Stack trace:
#0 D:\Services\xampp\htdocs\skripsi\alfredo\system\Database\MySQLi\Connection.php(314): mysqli->query('select count(*)...')
#1 D:\Services\xampp\htdocs\skripsi\alfredo\system\Database\BaseConnection.php(713): CodeIgniter\Database\MySQLi\Connection->execute('select count(*)...')
#2 D:\Services\xampp\htdocs\skripsi\alfredo\system\Database\BaseConnection.php(641): CodeIgniter\Database\BaseConnection->simpleQuery('select count(*)...')
#3 D:\Services\xampp\htdocs\skripsi\alfredo\app\Models\M_admin.php(12): CodeIgniter\Database\BaseConnection->query('select count(*)...')
#4 D:\Services\xampp\htdocs\skripsi\alfredo\app\Controllers\Admin.php(23): App\Models\M_admin->validasi('admin', 'admin')
#5 D:\Services\xampp\htdocs\skripsi\alfredo\system\CodeIgniter.php(936): App\Controllers\Admin->validasi()
#6 D:\Services\xampp\htdocs\skripsi\alfredo\system\CodeIgniter.php(432): CodeIgniter\CodeIgniter->runController(Object(App\Controllers\Admin))
#7 D:\Services\xampp\htdocs\skripsi\alfredo\system\CodeIgniter.php(333): CodeIgniter\CodeIgniter->handleRequest(NULL, Object(Config\Cache), false)
#8 D:\Services\xampp\htdocs\skripsi\alfredo\index.php(44): CodeIgniter\CodeIgniter->run()
#9 {main}
ERROR - 2021-04-03 10:27:04 --> mysqli_sql_exception: No database selected in D:\Services\xampp\htdocs\skripsi\alfredo\system\Database\MySQLi\Connection.php:314
Stack trace:
#0 D:\Services\xampp\htdocs\skripsi\alfredo\system\Database\MySQLi\Connection.php(314): mysqli->query('select count(*)...')
#1 D:\Services\xampp\htdocs\skripsi\alfredo\system\Database\BaseConnection.php(713): CodeIgniter\Database\MySQLi\Connection->execute('select count(*)...')
#2 D:\Services\xampp\htdocs\skripsi\alfredo\system\Database\BaseConnection.php(641): CodeIgniter\Database\BaseConnection->simpleQuery('select count(*)...')
#3 D:\Services\xampp\htdocs\skripsi\alfredo\app\Models\M_admin.php(12): CodeIgniter\Database\BaseConnection->query('select count(*)...')
#4 D:\Services\xampp\htdocs\skripsi\alfredo\app\Controllers\Admin.php(23): App\Models\M_admin->validasi('admin', 'admin')
#5 D:\Services\xampp\htdocs\skripsi\alfredo\system\CodeIgniter.php(936): App\Controllers\Admin->validasi()
#6 D:\Services\xampp\htdocs\skripsi\alfredo\system\CodeIgniter.php(432): CodeIgniter\CodeIgniter->runController(Object(App\Controllers\Admin))
#7 D:\Services\xampp\htdocs\skripsi\alfredo\system\CodeIgniter.php(333): CodeIgniter\CodeIgniter->handleRequest(NULL, Object(Config\Cache), false)
#8 D:\Services\xampp\htdocs\skripsi\alfredo\index.php(44): CodeIgniter\CodeIgniter->run()
#9 {main}
ERROR - 2021-04-03 10:27:36 --> mysqli_sql_exception: No database selected in D:\Services\xampp\htdocs\skripsi\alfredo\system\Database\MySQLi\Connection.php:314
Stack trace:
#0 D:\Services\xampp\htdocs\skripsi\alfredo\system\Database\MySQLi\Connection.php(314): mysqli->query('select count(*)...')
#1 D:\Services\xampp\htdocs\skripsi\alfredo\system\Database\BaseConnection.php(713): CodeIgniter\Database\MySQLi\Connection->execute('select count(*)...')
#2 D:\Services\xampp\htdocs\skripsi\alfredo\system\Database\BaseConnection.php(641): CodeIgniter\Database\BaseConnection->simpleQuery('select count(*)...')
#3 D:\Services\xampp\htdocs\skripsi\alfredo\app\Models\M_admin.php(12): CodeIgniter\Database\BaseConnection->query('select count(*)...')
#4 D:\Services\xampp\htdocs\skripsi\alfredo\app\Controllers\Admin.php(23): App\Models\M_admin->validasi('admin', 'admin')
#5 D:\Services\xampp\htdocs\skripsi\alfredo\system\CodeIgniter.php(936): App\Controllers\Admin->validasi()
#6 D:\Services\xampp\htdocs\skripsi\alfredo\system\CodeIgniter.php(432): CodeIgniter\CodeIgniter->runController(Object(App\Controllers\Admin))
#7 D:\Services\xampp\htdocs\skripsi\alfredo\system\CodeIgniter.php(333): CodeIgniter\CodeIgniter->handleRequest(NULL, Object(Config\Cache), false)
#8 D:\Services\xampp\htdocs\skripsi\alfredo\index.php(44): CodeIgniter\CodeIgniter->run()
#9 {main}
ERROR - 2021-04-03 10:28:38 --> mysqli_sql_exception: No database selected in D:\Services\xampp\htdocs\skripsi\alfredo\system\Database\MySQLi\Connection.php:314
Stack trace:
#0 D:\Services\xampp\htdocs\skripsi\alfredo\system\Database\MySQLi\Connection.php(314): mysqli->query('select count(*)...')
#1 D:\Services\xampp\htdocs\skripsi\alfredo\system\Database\BaseConnection.php(713): CodeIgniter\Database\MySQLi\Connection->execute('select count(*)...')
#2 D:\Services\xampp\htdocs\skripsi\alfredo\system\Database\BaseConnection.php(641): CodeIgniter\Database\BaseConnection->simpleQuery('select count(*)...')
#3 D:\Services\xampp\htdocs\skripsi\alfredo\app\Models\M_admin.php(12): CodeIgniter\Database\BaseConnection->query('select count(*)...')
#4 D:\Services\xampp\htdocs\skripsi\alfredo\app\Controllers\Admin.php(23): App\Models\M_admin->validasi('admin', 'admin')
#5 D:\Services\xampp\htdocs\skripsi\alfredo\system\CodeIgniter.php(936): App\Controllers\Admin->validasi()
#6 D:\Services\xampp\htdocs\skripsi\alfredo\system\CodeIgniter.php(432): CodeIgniter\CodeIgniter->runController(Object(App\Controllers\Admin))
#7 D:\Services\xampp\htdocs\skripsi\alfredo\system\CodeIgniter.php(333): CodeIgniter\CodeIgniter->handleRequest(NULL, Object(Config\Cache), false)
#8 D:\Services\xampp\htdocs\skripsi\alfredo\index.php(44): CodeIgniter\CodeIgniter->run()
#9 {main}
ERROR - 2021-04-03 10:29:13 --> mysqli_sql_exception: No database selected in D:\Services\xampp\htdocs\skripsi\alfredo\system\Database\MySQLi\Connection.php:314
Stack trace:
#0 D:\Services\xampp\htdocs\skripsi\alfredo\system\Database\MySQLi\Connection.php(314): mysqli->query('select count(*)...')
#1 D:\Services\xampp\htdocs\skripsi\alfredo\system\Database\BaseConnection.php(713): CodeIgniter\Database\MySQLi\Connection->execute('select count(*)...')
#2 D:\Services\xampp\htdocs\skripsi\alfredo\system\Database\BaseConnection.php(641): CodeIgniter\Database\BaseConnection->simpleQuery('select count(*)...')
#3 D:\Services\xampp\htdocs\skripsi\alfredo\app\Models\M_admin.php(12): CodeIgniter\Database\BaseConnection->query('select count(*)...')
#4 D:\Services\xampp\htdocs\skripsi\alfredo\app\Controllers\Admin.php(23): App\Models\M_admin->validasi('admin', 'admin')
#5 D:\Services\xampp\htdocs\skripsi\alfredo\system\CodeIgniter.php(936): App\Controllers\Admin->validasi()
#6 D:\Services\xampp\htdocs\skripsi\alfredo\system\CodeIgniter.php(432): CodeIgniter\CodeIgniter->runController(Object(App\Controllers\Admin))
#7 D:\Services\xampp\htdocs\skripsi\alfredo\system\CodeIgniter.php(333): CodeIgniter\CodeIgniter->handleRequest(NULL, Object(Config\Cache), false)
#8 D:\Services\xampp\htdocs\skripsi\alfredo\index.php(44): CodeIgniter\CodeIgniter->run()
#9 {main}
CRITICAL - 2021-04-03 10:32:07 --> Illegal string offset 'jlh'
#0 D:\Services\xampp\htdocs\skripsi\alfredo\app\Controllers\Admin.php(24): CodeIgniter\Debug\Exceptions->errorHandler(2, 'Illegal string ...', 'D:\\Services\\xam...', 24, Array)
#1 D:\Services\xampp\htdocs\skripsi\alfredo\system\CodeIgniter.php(936): App\Controllers\Admin->validasi()
#2 D:\Services\xampp\htdocs\skripsi\alfredo\system\CodeIgniter.php(432): CodeIgniter\CodeIgniter->runController(Object(App\Controllers\Admin))
#3 D:\Services\xampp\htdocs\skripsi\alfredo\system\CodeIgniter.php(333): CodeIgniter\CodeIgniter->handleRequest(NULL, Object(Config\Cache), false)
#4 D:\Services\xampp\htdocs\skripsi\alfredo\index.php(44): CodeIgniter\CodeIgniter->run()
#5 {main}
CRITICAL - 2021-04-03 10:32:42 --> Illegal string offset 'jlh'
#0 D:\Services\xampp\htdocs\skripsi\alfredo\app\Controllers\Admin.php(24): CodeIgniter\Debug\Exceptions->errorHandler(2, 'Illegal string ...', 'D:\\Services\\xam...', 24, Array)
#1 D:\Services\xampp\htdocs\skripsi\alfredo\system\CodeIgniter.php(936): App\Controllers\Admin->validasi()
#2 D:\Services\xampp\htdocs\skripsi\alfredo\system\CodeIgniter.php(432): CodeIgniter\CodeIgniter->runController(Object(App\Controllers\Admin))
#3 D:\Services\xampp\htdocs\skripsi\alfredo\system\CodeIgniter.php(333): CodeIgniter\CodeIgniter->handleRequest(NULL, Object(Config\Cache), false)
#4 D:\Services\xampp\htdocs\skripsi\alfredo\index.php(44): CodeIgniter\CodeIgniter->run()
#5 {main}
